<?xml version="1.0" encoding="UTF-8" ?>
<testsuite tests="4" failures="0" name="mtry.se.iv1350.sem3.model.SaleItemListTest" time="0.001" errors="0" skipped="0">
  <properties>
[...]
</properties>
  <testcase classname="mtry.se.iv1350.sem3.model.SaleItemListTest" name="mtry.se.iv1350.sem3.model.SaleItemListTest.testGetItemDTO" time="0"/>
  <testcase classname="mtry.se.iv1350.sem3.model.SaleItemListTest" name="mtry.se.iv1350.sem3.model.SaleItemListTest.testAdditem" time="0.001"/>
  <testcase classname="mtry.se.iv1350.sem3.model.SaleItemListTest" name="mtry.se.iv1350.sem3.model.SaleItemListTest.testGetPriseBrutto" time="0"/>
  <testcase classname="mtry.se.iv1350.sem3.model.SaleItemListTest" name="mtry.se.iv1350.sem3.model.SaleItemListTest.testGetPrise" time="0"/>
</testsuite>